TN:
SF:ajaxme.js
FN:1,(anonymous_1)
FN:7,(anonymous_2)
FN:14,(anonymous_3)
FN:17,addCallBacks
FN:19,onload
FN:28,(anonymous_6)
FN:32,(anonymous_7)
FN:38,(anonymous_8)
FN:43,(anonymous_9)
FN:49,(anonymous_10)
FN:61,setupRequest
FN:67,AjaxMe
FN:71,(anonymous_13)
FN:90,(anonymous_14)
FN:105,(anonymous_15)
FNF:15
FNH:3
FNDA:1,(anonymous_1)
FNDA:0,(anonymous_2)
FNDA:1,(anonymous_3)
FNDA:0,addCallBacks
FNDA:0,onload
FNDA:0,(anonymous_6)
FNDA:0,(anonymous_7)
FNDA:0,(anonymous_8)
FNDA:0,(anonymous_9)
FNDA:0,(anonymous_10)
FNDA:0,setupRequest
FNDA:1,AjaxMe
FNDA:0,(anonymous_13)
FNDA:0,(anonymous_14)
FNDA:0,(anonymous_15)
DA:1,1
DA:2,1
DA:4,0
DA:5,1
DA:7,0
DA:8,0
DA:12,1
DA:17,1
DA:18,0
DA:19,0
DA:20,0
DA:22,0
DA:28,0
DA:29,0
DA:30,0
DA:32,0
DA:33,0
DA:34,0
DA:35,0
DA:38,0
DA:39,0
DA:40,0
DA:43,0
DA:44,0
DA:45,0
DA:46,0
DA:49,0
DA:50,0
DA:51,0
DA:52,0
DA:53,0
DA:55,0
DA:56,0
DA:61,1
DA:62,0
DA:63,0
DA:64,0
DA:67,1
DA:71,1
DA:72,0
DA:75,0
DA:76,0
DA:79,0
DA:81,0
DA:83,0
DA:85,0
DA:87,0
DA:90,1
DA:91,0
DA:95,0
DA:97,0
DA:98,0
DA:100,0
DA:102,0
DA:105,1
DA:106,0
DA:107,0
DA:108,0
DA:110,0
DA:112,0
DA:115,0
DA:117,0
DA:120,1
LF:63
LH:11
BRDA:2,1,0,0
BRDA:2,1,1,1
BRDA:5,2,0,0
BRDA:5,2,1,1
BRDA:5,3,0,1
BRDA:5,3,1,0
BRDA:34,4,0,0
BRDA:34,4,1,0
BRDA:39,5,0,0
BRDA:39,5,1,0
BRDA:45,6,0,0
BRDA:45,6,1,0
BRDA:51,7,0,0
BRDA:51,7,1,0
BRDA:52,8,0,0
BRDA:52,8,1,0
BRDA:75,9,0,0
BRDA:75,9,1,0
BRF:18
BRH:3
end_of_record
