TN:
SF:ajaxme.js
FN:1,(anonymous_1)
FN:7,(anonymous_2)
FN:14,(anonymous_3)
FN:17,addCallBacks
FN:18,(anonymous_5)
FN:26,(anonymous_6)
FN:31,(anonymous_7)
FN:36,(anonymous_8)
FN:41,(anonymous_9)
FN:53,setupRequest
FN:59,AjaxMe
FN:63,(anonymous_12)
FN:82,(anonymous_13)
FNF:13
FNH:12
FNDA:1,(anonymous_1)
FNDA:0,(anonymous_2)
FNDA:1,(anonymous_3)
FNDA:6,addCallBacks
FNDA:5,(anonymous_5)
FNDA:1,(anonymous_6)
FNDA:1,(anonymous_7)
FNDA:6,(anonymous_8)
FNDA:6,(anonymous_9)
FNDA:5,setupRequest
FNDA:1,AjaxMe
FNDA:5,(anonymous_12)
FNDA:1,(anonymous_13)
DA:1,1
DA:2,1
DA:4,0
DA:5,1
DA:7,0
DA:8,0
DA:12,1
DA:17,1
DA:18,6
DA:19,5
DA:20,5
DA:21,4
DA:23,1
DA:26,6
DA:27,1
DA:28,1
DA:31,6
DA:32,1
DA:33,1
DA:36,6
DA:37,6
DA:38,1
DA:41,6
DA:42,6
DA:43,6
DA:44,1
DA:45,1
DA:47,1
DA:48,1
DA:53,1
DA:54,5
DA:55,5
DA:56,5
DA:59,1
DA:63,1
DA:64,5
DA:67,5
DA:68,1
DA:71,5
DA:73,5
DA:75,5
DA:77,5
DA:79,5
DA:82,1
DA:83,1
DA:85,1
DA:87,1
DA:89,1
DA:91,1
DA:94,1
LF:50
LH:47
BRDA:2,1,0,0
BRDA:2,1,1,1
BRDA:5,2,0,0
BRDA:5,2,1,1
BRDA:5,3,0,1
BRDA:5,3,1,0
BRDA:20,4,0,4
BRDA:20,4,1,1
BRDA:27,5,0,1
BRDA:27,5,1,0
BRDA:32,6,0,1
BRDA:32,6,1,0
BRDA:37,7,0,1
BRDA:37,7,1,5
BRDA:43,8,0,1
BRDA:43,8,1,5
BRDA:44,9,0,1
BRDA:44,9,1,0
BRDA:67,10,0,1
BRDA:67,10,1,4
BRF:20
BRH:14
end_of_record
