{"ajaxme.js":{"path":"ajaxme.js","s":{"1":1,"2":1,"3":0,"4":1,"5":0,"6":0,"7":1,"8":1,"9":0,"10":0,"11":0,"12":0,"13":0,"14":0,"15":0,"16":0,"17":0,"18":0,"19":0,"20":0,"21":0,"22":0,"23":0,"24":0,"25":0,"26":0,"27":0,"28":0,"29":0,"30":0,"31":1,"32":0,"33":0,"34":0,"35":1,"36":1,"37":0,"38":0,"39":0,"40":0,"41":0,"42":0,"43":0,"44":0,"45":1,"46":0,"47":0,"48":0,"49":0,"50":0,"51":0,"52":1,"53":0,"54":0,"55":0,"56":0,"57":0,"58":1},"b":{"1":[0,1],"2":[0,1],"3":[1,0],"4":[0,0],"5":[0,0],"6":[0,0],"7":[0,0],"8":[0,0],"9":[0,0],"10":[0,0],"11":[0,0]},"f":{"1":1,"2":0,"3":1,"4":0,"5":0,"6":0,"7":0,"8":0,"9":0,"10":0,"11":0,"12":1,"13":0,"14":0,"15":0},"fnMap":{"1":{"name":"(anonymous_1)","line":1,"loc":{"start":{"line":1,"column":1},"end":{"line":1,"column":25}}},"2":{"name":"(anonymous_2)","line":7,"loc":{"start":{"line":7,"column":19},"end":{"line":7,"column":30}}},"3":{"name":"(anonymous_3)","line":14,"loc":{"start":{"line":14,"column":8},"end":{"line":14,"column":19}}},"4":{"name":"addCallBacks","line":17,"loc":{"start":{"line":17,"column":4},"end":{"line":17,"column":44}}},"5":{"name":"onload","line":18,"loc":{"start":{"line":18,"column":25},"end":{"line":18,"column":46}}},"6":{"name":"(anonymous_6)","line":26,"loc":{"start":{"line":26,"column":26},"end":{"line":26,"column":40}}},"7":{"name":"(anonymous_7)","line":29,"loc":{"start":{"line":29,"column":26},"end":{"line":29,"column":40}}},"8":{"name":"(anonymous_8)","line":34,"loc":{"start":{"line":34,"column":28},"end":{"line":34,"column":42}}},"9":{"name":"(anonymous_9)","line":39,"loc":{"start":{"line":39,"column":30},"end":{"line":39,"column":44}}},"10":{"name":"(anonymous_10)","line":44,"loc":{"start":{"line":44,"column":29},"end":{"line":44,"column":43}}},"11":{"name":"setupRequest","line":56,"loc":{"start":{"line":56,"column":4},"end":{"line":56,"column":44}}},"12":{"name":"AjaxMe","line":62,"loc":{"start":{"line":62,"column":4},"end":{"line":62,"column":22}}},"13":{"name":"(anonymous_13)","line":66,"loc":{"start":{"line":66,"column":28},"end":{"line":66,"column":46}}},"14":{"name":"(anonymous_14)","line":85,"loc":{"start":{"line":85,"column":30},"end":{"line":85,"column":48}}},"15":{"name":"(anonymous_15)","line":100,"loc":{"start":{"line":100,"column":27},"end":{"line":100,"column":45}}}},"statementMap":{"1":{"start":{"line":1,"column":0},"end":{"line":112,"column":4}},"2":{"start":{"line":2,"column":4},"end":{"line":13,"column":5}},"3":{"start":{"line":4,"column":8},"end":{"line":4,"column":35}},"4":{"start":{"line":5,"column":11},"end":{"line":13,"column":5}},"5":{"start":{"line":7,"column":8},"end":{"line":9,"column":11}},"6":{"start":{"line":8,"column":12},"end":{"line":8,"column":45}},"7":{"start":{"line":12,"column":8},"end":{"line":12,"column":32}},"8":{"start":{"line":17,"column":4},"end":{"line":54,"column":5}},"9":{"start":{"line":18,"column":8},"end":{"line":24,"column":10}},"10":{"start":{"line":19,"column":12},"end":{"line":23,"column":13}},"11":{"start":{"line":20,"column":16},"end":{"line":20,"column":41}},"12":{"start":{"line":22,"column":16},"end":{"line":22,"column":35}},"13":{"start":{"line":26,"column":8},"end":{"line":28,"column":10}},"14":{"start":{"line":27,"column":12},"end":{"line":27,"column":31}},"15":{"start":{"line":29,"column":8},"end":{"line":33,"column":10}},"16":{"start":{"line":30,"column":12},"end":{"line":32,"column":13}},"17":{"start":{"line":31,"column":16},"end":{"line":31,"column":35}},"18":{"start":{"line":34,"column":8},"end":{"line":38,"column":10}},"19":{"start":{"line":35,"column":12},"end":{"line":37,"column":13}},"20":{"start":{"line":36,"column":16},"end":{"line":36,"column":37}},"21":{"start":{"line":39,"column":8},"end":{"line":43,"column":10}},"22":{"start":{"line":40,"column":12},"end":{"line":42,"column":13}},"23":{"start":{"line":41,"column":16},"end":{"line":41,"column":39}},"24":{"start":{"line":44,"column":8},"end":{"line":53,"column":10}},"25":{"start":{"line":45,"column":12},"end":{"line":45,"column":36}},"26":{"start":{"line":46,"column":12},"end":{"line":52,"column":13}},"27":{"start":{"line":47,"column":16},"end":{"line":49,"column":17}},"28":{"start":{"line":48,"column":20},"end":{"line":48,"column":61}},"29":{"start":{"line":50,"column":16},"end":{"line":50,"column":49}},"30":{"start":{"line":51,"column":16},"end":{"line":51,"column":38}},"31":{"start":{"line":56,"column":4},"end":{"line":60,"column":5}},"32":{"start":{"line":57,"column":8},"end":{"line":57,"column":48}},"33":{"start":{"line":58,"column":8},"end":{"line":58,"column":90}},"34":{"start":{"line":59,"column":8},"end":{"line":59,"column":35}},"35":{"start":{"line":62,"column":4},"end":{"line":64,"column":5}},"36":{"start":{"line":66,"column":4},"end":{"line":83,"column":6}},"37":{"start":{"line":67,"column":8},"end":{"line":68,"column":62}},"38":{"start":{"line":70,"column":8},"end":{"line":72,"column":9}},"39":{"start":{"line":71,"column":12},"end":{"line":71,"column":45}},"40":{"start":{"line":74,"column":8},"end":{"line":74,"column":43}},"41":{"start":{"line":76,"column":8},"end":{"line":76,"column":45}},"42":{"start":{"line":78,"column":8},"end":{"line":78,"column":39}},"43":{"start":{"line":80,"column":8},"end":{"line":80,"column":39}},"44":{"start":{"line":82,"column":8},"end":{"line":82,"column":23}},"45":{"start":{"line":85,"column":4},"end":{"line":98,"column":6}},"46":{"start":{"line":86,"column":8},"end":{"line":88,"column":21}},"47":{"start":{"line":90,"column":8},"end":{"line":90,"column":43}},"48":{"start":{"line":92,"column":8},"end":{"line":92,"column":45}},"49":{"start":{"line":93,"column":8},"end":{"line":93,"column":39}},"50":{"start":{"line":95,"column":8},"end":{"line":95,"column":39}},"51":{"start":{"line":97,"column":8},"end":{"line":97,"column":23}},"52":{"start":{"line":100,"column":4},"end":{"line":109,"column":6}},"53":{"start":{"line":101,"column":8},"end":{"line":101,"column":43}},"54":{"start":{"line":102,"column":8},"end":{"line":102,"column":47}},"55":{"start":{"line":104,"column":8},"end":{"line":104,"column":39}},"56":{"start":{"line":106,"column":8},"end":{"line":106,"column":23}},"57":{"start":{"line":108,"column":8},"end":{"line":108,"column":23}},"58":{"start":{"line":111,"column":4},"end":{"line":111,"column":24}}},"branchMap":{"1":{"line":2,"type":"if","locations":[{"start":{"line":2,"column":4},"end":{"line":2,"column":4}},{"start":{"line":2,"column":4},"end":{"line":2,"column":4}}]},"2":{"line":5,"type":"if","locations":[{"start":{"line":5,"column":11},"end":{"line":5,"column":11}},{"start":{"line":5,"column":11},"end":{"line":5,"column":11}}]},"3":{"line":5,"type":"binary-expr","locations":[{"start":{"line":5,"column":15},"end":{"line":5,"column":43}},{"start":{"line":5,"column":47},"end":{"line":5,"column":57}}]},"4":{"line":19,"type":"if","locations":[{"start":{"line":19,"column":12},"end":{"line":19,"column":12}},{"start":{"line":19,"column":12},"end":{"line":19,"column":12}}]},"5":{"line":19,"type":"binary-expr","locations":[{"start":{"line":19,"column":16},"end":{"line":19,"column":37}},{"start":{"line":19,"column":41},"end":{"line":19,"column":61}}]},"6":{"line":30,"type":"if","locations":[{"start":{"line":30,"column":12},"end":{"line":30,"column":12}},{"start":{"line":30,"column":12},"end":{"line":30,"column":12}}]},"7":{"line":35,"type":"if","locations":[{"start":{"line":35,"column":12},"end":{"line":35,"column":12}},{"start":{"line":35,"column":12},"end":{"line":35,"column":12}}]},"8":{"line":40,"type":"if","locations":[{"start":{"line":40,"column":12},"end":{"line":40,"column":12}},{"start":{"line":40,"column":12},"end":{"line":40,"column":12}}]},"9":{"line":46,"type":"if","locations":[{"start":{"line":46,"column":12},"end":{"line":46,"column":12}},{"start":{"line":46,"column":12},"end":{"line":46,"column":12}}]},"10":{"line":47,"type":"if","locations":[{"start":{"line":47,"column":16},"end":{"line":47,"column":16}},{"start":{"line":47,"column":16},"end":{"line":47,"column":16}}]},"11":{"line":70,"type":"if","locations":[{"start":{"line":70,"column":8},"end":{"line":70,"column":8}},{"start":{"line":70,"column":8},"end":{"line":70,"column":8}}]}}}}